2020-06-15 08:26:52.555  INFO 3740 --- [restartedMain] o.j.F.FoodTruckFinderApplication         : Starting FoodTruckFinderApplication on DESKTOP-GO0BSQO with PID 3740 (C:\Users\jervin\git\FoodTruckFinder\target\classes started by jervin in C:\Users\jervin\git\FoodTruckFinder)
2020-06-15 08:26:52.558  INFO 3740 --- [restartedMain] o.j.F.FoodTruckFinderApplication         : No active profile set, falling back to default profiles: default
2020-06-15 08:26:52.772  INFO 3740 --- [restartedMain] .e.DevToolsPropertyDefaultsPostProcessor : Devtools property defaults active! Set 'spring.devtools.add-properties' to 'false' to disable
2020-06-15 08:26:52.772  INFO 3740 --- [restartedMain] .e.DevToolsPropertyDefaultsPostProcessor : For additional web related logging consider setting the 'logging.level.web' property to 'DEBUG'
2020-06-15 08:26:54.481  INFO 3740 --- [restartedMain] o.s.b.w.embedded.tomcat.TomcatWebServer  : Tomcat initialized with port(s): 8080 (http)
2020-06-15 08:26:54.490  INFO 3740 --- [restartedMain] o.apache.catalina.core.StandardService   : Starting service [Tomcat]
2020-06-15 08:26:54.491  INFO 3740 --- [restartedMain] org.apache.catalina.core.StandardEngine  : Starting Servlet engine: [Apache Tomcat/9.0.35]
2020-06-15 08:26:54.961  INFO 3740 --- [restartedMain] o.a.c.c.C.[Tomcat].[localhost].[/]       : Initializing Spring embedded WebApplicationContext
2020-06-15 08:26:54.962  INFO 3740 --- [restartedMain] o.s.web.context.ContextLoader            : Root WebApplicationContext: initialization completed in 2004 ms
2020-06-15 08:26:55.259  INFO 3740 --- [restartedMain] o.s.s.concurrent.ThreadPoolTaskExecutor  : Initializing ExecutorService 'applicationTaskExecutor'
2020-06-15 08:26:55.379  WARN 3740 --- [restartedMain] ion$DefaultTemplateResolverConfiguration : Cannot find template location: classpath:/templates/ (please add some templates or check your Thymeleaf configuration)
2020-06-15 08:26:55.502  WARN 3740 --- [restartedMain] .b.a.g.t.GroovyTemplateAutoConfiguration : Cannot find template location: classpath:/templates/ (please add some templates, check your Groovy configuration, or set spring.groovy.template.check-template-location=false)
2020-06-15 08:26:55.815  INFO 3740 --- [restartedMain] o.s.b.d.a.OptionalLiveReloadServer       : LiveReload server is running on port 35729
2020-06-15 08:26:55.821  INFO 3740 --- [restartedMain] o.s.b.a.e.web.EndpointLinksResolver      : Exposing 8 endpoint(s) beneath base path '/actuator'
2020-06-15 08:26:55.860  INFO 3740 --- [restartedMain] o.s.b.w.embedded.tomcat.TomcatWebServer  : Tomcat started on port(s): 8080 (http) with context path ''
2020-06-15 08:26:55.876  INFO 3740 --- [restartedMain] o.j.F.FoodTruckFinderApplication         : Started FoodTruckFinderApplication in 3.65 seconds (JVM running for 4.156)
2020-06-15 08:27:17.232  INFO 3740 --- [http-nio-8080-exec-1] o.a.c.c.C.[Tomcat].[localhost].[/]       : Initializing Spring DispatcherServlet 'dispatcherServlet'
2020-06-15 08:27:17.233  INFO 3740 --- [http-nio-8080-exec-1] o.s.web.servlet.DispatcherServlet        : Initializing Servlet 'dispatcherServlet'
2020-06-15 08:27:17.246  INFO 3740 --- [http-nio-8080-exec-1] o.s.web.servlet.DispatcherServlet        : Completed initialization in 11 ms
2020-06-15 08:27:17.310  INFO 3740 --- [http-nio-8080-exec-1] o.j.F.c.FoodTruckFinderController        : latitude: 37.78, longitude:-122.43, foodType: , distance: 2.0
2020-06-15 08:28:11.812  INFO 3740 --- [SpringContextShutdownHook] o.s.s.concurrent.ThreadPoolTaskExecutor  : Shutting down ExecutorService 'applicationTaskExecutor'
